-------------------------------------------------------------------------------
Test set: gr.upatras.rest.example.ApplicationTests
-------------------------------------------------------------------------------
Tests run: 1, Failures: 0, Errors: 1, Skipped: 0, Time elapsed: 0.214 s <<< FAILURE! - in gr.upatras.rest.example.ApplicationTests
gr.upatras.rest.example.ApplicationTests  Time elapsed: 0.213 s  <<< ERROR!
java.lang.IllegalStateException: Unable to find a @SpringBootConfiguration, you need to use @ContextConfiguration or @SpringBootTest(classes=...) with your test

